<?xml version="1.0" encoding="UTF-8"?>
<!-- Generated by org.testng.reporters.JUnitReportReporter -->
<testsuite skipped="0" hostname="DESKTOP-PG23DSM" name="week2.S3_107_VerifyAppStoreLink" tests="1" failures="0" timestamp="22 May 2021 10:38:29 GMT" time="99.854" errors="0">
  <testcase name="appStore" time="99.854" classname="week2.S3_107_VerifyAppStoreLink"/>
</testsuite> <!-- week2.S3_107_VerifyAppStoreLink -->
