<?xml version="1.0" encoding="UTF-8"?>
<!-- Generated by org.testng.reporters.JUnitReportReporter -->
<testsuite skipped="0" hostname="DESKTOP-PG23DSM" name="week1.S3_18_Cancel_Service_Appoinments" tests="1" failures="0" timestamp="22 May 2021 05:16:40 GMT" time="88.820" errors="0">
  <testcase name="cancelServiceAppoinments" time="88.820" classname="week1.S3_18_Cancel_Service_Appoinments"/>
</testsuite> <!-- week1.S3_18_Cancel_Service_Appoinments -->
