<?xml version="1.0" encoding="UTF-8"?>
<!-- Generated by org.testng.reporters.JUnitReportReporter -->
<testsuite skipped="0" hostname="DESKTOP-PG23DSM" name="week1.S3_6_Verify_Opportunities_sort_order_by_Close_date" tests="1" failures="0" timestamp="22 May 2021 06:19:20 GMT" time="94.991" errors="0">
  <testcase name="sortOrderByCloseDate" time="94.991" classname="week1.S3_6_Verify_Opportunities_sort_order_by_Close_date"/>
</testsuite> <!-- week1.S3_6_Verify_Opportunities_sort_order_by_Close_date -->
