<?xml version="1.0" encoding="UTF-8"?>
<!-- Generated by org.testng.reporters.JUnitReportReporter -->
<testsuite skipped="0" hostname="DESKTOP-PG23DSM" name="week2.S3_60_Filter_Task" tests="1" failures="0" timestamp="22 May 2021 06:28:31 GMT" time="102.085" errors="0">
  <testcase name="filterTask" time="102.085" classname="week2.S3_60_Filter_Task"/>
</testsuite> <!-- week2.S3_60_Filter_Task -->
