<?xml version="1.0" encoding="UTF-8"?>
<!-- Generated by org.testng.reporters.JUnitReportReporter -->
<testsuite skipped="0" hostname="DESKTOP-PG23DSM" name="week1.S3_53_Create_Task" tests="1" failures="0" timestamp="22 May 2021 06:05:45 GMT" time="125.564" errors="0">
  <testcase name="createTask" time="125.564" classname="week1.S3_53_Create_Task"/>
</testsuite> <!-- week1.S3_53_Create_Task -->
